<?xml version="1.0" encoding="UTF-8"?>
<!-- Generated by org.testng.reporters.JUnitReportReporter -->
<testsuite hostname="PIO-L-4110" failures="0" tests="12" name="com.nucleus.qa.testcases.CoreSystemTesting" time="31.140" errors="0" timestamp="2024-09-19T19:31:27 IST" skipped="11">
  <testcase classname="com.nucleus.qa.testcases.CoreSystemTesting" name="TestCase1" time="31.140"/>
  <testcase classname="com.nucleus.qa.testcases.CoreSystemTesting" name="TestCase9">
    <skipped/>
  </testcase> <!-- TestCase9 -->
  <testcase classname="com.nucleus.qa.testcases.CoreSystemTesting" name="TestCase12">
    <skipped/>
  </testcase> <!-- TestCase12 -->
  <testcase classname="com.nucleus.qa.testcases.CoreSystemTesting" name="TestCase11">
    <skipped/>
  </testcase> <!-- TestCase11 -->
  <testcase classname="com.nucleus.qa.testcases.CoreSystemTesting" name="TestCase10">
    <skipped/>
  </testcase> <!-- TestCase10 -->
  <testcase classname="com.nucleus.qa.testcases.CoreSystemTesting" name="TestCase3">
    <skipped/>
  </testcase> <!-- TestCase3 -->
  <testcase classname="com.nucleus.qa.testcases.CoreSystemTesting" name="TestCase4">
    <skipped/>
  </testcase> <!-- TestCase4 -->
  <testcase classname="com.nucleus.qa.testcases.CoreSystemTesting" name="TestCase2">
    <skipped/>
  </testcase> <!-- TestCase2 -->
  <testcase classname="com.nucleus.qa.testcases.CoreSystemTesting" name="TestCase7">
    <skipped/>
  </testcase> <!-- TestCase7 -->
  <testcase classname="com.nucleus.qa.testcases.CoreSystemTesting" name="TestCase8">
    <skipped/>
  </testcase> <!-- TestCase8 -->
  <testcase classname="com.nucleus.qa.testcases.CoreSystemTesting" name="TestCase5">
    <skipped/>
  </testcase> <!-- TestCase5 -->
  <testcase classname="com.nucleus.qa.testcases.CoreSystemTesting" name="TestCase6">
    <skipped/>
  </testcase> <!-- TestCase6 -->
</testsuite> <!-- com.nucleus.qa.testcases.CoreSystemTesting -->
