<?xml version="1.0" encoding="UTF-8"?>
<!-- Generated by org.testng.reporters.JUnitReportReporter -->
<testsuite hostname="PIO-L-4110" failures="0" tests="12" name="com.nucleus.qa.testcases.CoreSystemTesting" time="715.109" errors="0" timestamp="2024-09-27T15:53:59 IST" skipped="0">
  <testcase classname="com.nucleus.qa.testcases.CoreSystemTesting" name="TestCase3" time="85.571"/>
  <testcase classname="com.nucleus.qa.testcases.CoreSystemTesting" name="TestCase1" time="48.164"/>
  <testcase classname="com.nucleus.qa.testcases.CoreSystemTesting" name="TestCase12" time="40.948"/>
  <testcase classname="com.nucleus.qa.testcases.CoreSystemTesting" name="TestCase2" time="21.967"/>
  <testcase classname="com.nucleus.qa.testcases.CoreSystemTesting" name="TestCase11" time="44.033"/>
  <testcase classname="com.nucleus.qa.testcases.CoreSystemTesting" name="TestCase4" time="59.566"/>
  <testcase classname="com.nucleus.qa.testcases.CoreSystemTesting" name="TestCase8" time="61.962"/>
  <testcase classname="com.nucleus.qa.testcases.CoreSystemTesting" name="TestCase7" time="63.899"/>
  <testcase classname="com.nucleus.qa.testcases.CoreSystemTesting" name="TestCase6" time="56.343"/>
  <testcase classname="com.nucleus.qa.testcases.CoreSystemTesting" name="TestCase5" time="67.413"/>
  <testcase classname="com.nucleus.qa.testcases.CoreSystemTesting" name="TestCase9" time="80.978"/>
  <testcase classname="com.nucleus.qa.testcases.CoreSystemTesting" name="TestCase10" time="84.265"/>
</testsuite> <!-- com.nucleus.qa.testcases.CoreSystemTesting -->
