<?xml version="1.0" encoding="UTF-8"?>
<!-- Generated by org.testng.reporters.JUnitReportReporter -->
<testsuite hostname="PIO-L-4110" failures="0" tests="12" name="com.nucleus.qa.testcases.CoreSystemTesting" time="609.491" errors="0" timestamp="2024-10-17T12:20:21 IST" skipped="0">
  <testcase classname="com.nucleus.qa.testcases.CoreSystemTesting" name="TestCase3" time="89.717"/>
  <testcase classname="com.nucleus.qa.testcases.CoreSystemTesting" name="TestCase5" time="49.479"/>
  <testcase classname="com.nucleus.qa.testcases.CoreSystemTesting" name="TestCase10" time="72.146"/>
  <testcase classname="com.nucleus.qa.testcases.CoreSystemTesting" name="TestCase9" time="62.532"/>
  <testcase classname="com.nucleus.qa.testcases.CoreSystemTesting" name="TestCase1" time="44.730"/>
  <testcase classname="com.nucleus.qa.testcases.CoreSystemTesting" name="TestCase4" time="45.967"/>
  <testcase classname="com.nucleus.qa.testcases.CoreSystemTesting" name="TestCase11" time="38.776"/>
  <testcase classname="com.nucleus.qa.testcases.CoreSystemTesting" name="TestCase8" time="52.429"/>
  <testcase classname="com.nucleus.qa.testcases.CoreSystemTesting" name="TestCase12" time="36.355"/>
  <testcase classname="com.nucleus.qa.testcases.CoreSystemTesting" name="TestCase2" time="27.005"/>
  <testcase classname="com.nucleus.qa.testcases.CoreSystemTesting" name="TestCase6" time="42.041"/>
  <testcase classname="com.nucleus.qa.testcases.CoreSystemTesting" name="TestCase7" time="48.314"/>
</testsuite> <!-- com.nucleus.qa.testcases.CoreSystemTesting -->
